#
# There is insufficient memory for the Java Runtime Environment to continue.
# Native memory allocation (malloc) failed to allocate 114176 bytes for Chunk::new
# Possible reasons:
#   The system is out of physical RAM or swap space
#   The process is running with CompressedOops enabled, and the Java Heap may be blocking the growth of the native heap
# Possible solutions:
#   Reduce memory load on the system
#   Increase physical memory or swap space
#   Check if swap backing store is full
#   Decrease Java heap size (-Xmx/-Xms)
#   Decrease number of Java threads
#   Decrease Java thread stack sizes (-Xss)
#   Set larger code cache with -XX:ReservedCodeCacheSize=
#   JVM is running with Unscaled Compressed Oops mode in which the Java heap is
#     placed in the first 4GB address space. The Java Heap base address is the
#     maximum limit for the native heap growth. Please use -XX:HeapBaseMinAddress
#     to set the Java Heap base and to place the Java Heap above 4GB virtual address.
# This output file may be truncated or incomplete.
#
#  Out of Memory Error (arena.cpp:189), pid=8896, tid=3448
#
# JRE version: OpenJDK Runtime Environment (17.0.2+8) (build 17.0.2+8-86)
# Java VM: OpenJDK 64-Bit Server VM (17.0.2+8-86, mixed mode, sharing, tiered, compressed oops, compressed class ptrs, g1 gc, windows-amd64)
# No core dump will be written. Minidumps are not enabled by default on client versions of Windows
#

---------------  S U M M A R Y ------------

Command Line: -javaagent:C:\Program Files\JetBrains\IntelliJ IDEA Community Edition 2021.2.3\lib\idea_rt.jar=61826:C:\Program Files\JetBrains\IntelliJ IDEA Community Edition 2021.2.3\bin -Dfile.encoding=UTF-8 Main

Host: Intel(R) Core(TM) i3-1005G1 CPU @ 1.20GHz, 4 cores, 3G,  Windows 10 , 64 bit Build 17763 (10.0.17763.2300)
Time: Sun Apr 10 19:16:38 2022 RTZ 2 (зима) elapsed time: 0.193945 seconds (0d 0h 0m 0s)

---------------  T H R E A D  ---------------

Current thread (0x000002b21eb247f0):  JavaThread "C2 CompilerThread0" daemon [_thread_in_native, id=3448, stack(0x000000bd17700000,0x000000bd17800000)]


Current CompileTask:
C2:    194  159       4       java.util.HashMap::putVal (300 bytes)

Stack: [0x000000bd17700000,0x000000bd17800000]
Native frames: (J=compiled Java code, j=interpreted, Vv=VM code, C=native code)
V  [jvm.dll+0x670baa]
V  [jvm.dll+0x7cfcb4]
V  [jvm.dll+0x7d145e]
V  [jvm.dll+0x7d1ac3]
V  [jvm.dll+0x242bc5]
V  [jvm.dll+0xaa57b]
V  [jvm.dll+0xaab0c]
V  [jvm.dll+0x2a991f]
V  [jvm.dll+0x5792d9]
V  [jvm.dll+0x21de3d]
V  [jvm.dll+0x217679]
V  [jvm.dll+0x214fab]
V  [jvm.dll+0x1a1bbd]
V  [jvm.dll+0x224908]
V  [jvm.dll+0x222a6c]
V  [jvm.dll+0x7859bb]
V  [jvm.dll+0x77ff7a]
V  [jvm.dll+0x66fa35]
C  [ucrtbase.dll+0x2268a]
C  [KERNEL32.DLL+0x17974]
C  [ntdll.dll+0x5a2f1]


---------------  P R O C E S S  ---------------

Threads class SMR info:
_java_thread_list=0x000002b21ebf8f90, length=11, elements={
0x000002b201b2bcb0, 0x000002b201bd78f0, 0x000002b201bd9580, 0x000002b201bebd90,
0x000002b201bec940, 0x000002b201bee080, 0x000002b201beea30, 0x000002b21eb247f0,
0x000002b21eb2ab90, 0x000002b21eba00d0, 0x000002b201bbdf50
}

Java Threads: ( => current thread )
  0x000002b201b2bcb0 JavaThread "main" [_thread_in_vm, id=11564, stack(0x000000bd16a00000,0x000000bd16b00000)]
  0x000002b201bd78f0 JavaThread "Reference Handler" daemon [_thread_blocked, id=8512, stack(0x000000bd17100000,0x000000bd17200000)]
  0x000002b201bd9580 JavaThread "Finalizer" daemon [_thread_blocked, id=12084, stack(0x000000bd17200000,0x000000bd17300000)]
  0x000002b201bebd90 JavaThread "Signal Dispatcher" daemon [_thread_blocked, id=11928, stack(0x000000bd17300000,0x000000bd17400000)]
  0x000002b201bec940 JavaThread "Attach Listener" daemon [_thread_blocked, id=776, stack(0x000000bd17400000,0x000000bd17500000)]
  0x000002b201bee080 JavaThread "Service Thread" daemon [_thread_blocked, id=8948, stack(0x000000bd17500000,0x000000bd17600000)]
  0x000002b201beea30 JavaThread "Monitor Deflation Thread" daemon [_thread_blocked, id=8944, stack(0x000000bd17600000,0x000000bd17700000)]
=>0x000002b21eb247f0 JavaThread "C2 CompilerThread0" daemon [_thread_in_native, id=3448, stack(0x000000bd17700000,0x000000bd17800000)]
  0x000002b21eb2ab90 JavaThread "C1 CompilerThread0" daemon [_thread_in_native, id=2928, stack(0x000000bd17800000,0x000000bd17900000)]
  0x000002b21eba00d0 JavaThread "Sweeper thread" daemon [_thread_blocked, id=8904, stack(0x000000bd17900000,0x000000bd17a00000)]
  0x000002b201bbdf50 JavaThread "Common-Cleaner" daemon [_thread_blocked, id=8116, stack(0x000000bd17a00000,0x000000bd17b00000)]

Other Threads:
  0x000002b201bd0900 VMThread "VM Thread" [stack: 0x000000bd17000000,0x000000bd17100000] [id=2732]
  0x000002b201b549c0 GCTaskThread "GC Thread#0" [stack: 0x000000bd16b00000,0x000000bd16c00000] [id=8288]
  0x000002b201b5d010 ConcurrentGCThread "G1 Main Marker" [stack: 0x000000bd16c00000,0x000000bd16d00000] [id=9196]
  0x000002b201b5da00 ConcurrentGCThread "G1 Conc#0" [stack: 0x000000bd16d00000,0x000000bd16e00000] [id=8108]
  0x000002b201baa380 ConcurrentGCThread "G1 Refine#0" [stack: 0x000000bd16e00000,0x000000bd16f00000] [id=5892]
  0x000002b201baada0 ConcurrentGCThread "G1 Service" [stack: 0x000000bd16f00000,0x000000bd17000000] [id=3968]

Threads with active compile tasks:
C2 CompilerThread0      207  159       4       java.util.HashMap::putVal (300 bytes)
C1 CompilerThread0      207  166       3       java.lang.Class::getClassLoader (28 bytes)

VM state: not at safepoint (normal execution)

VM Mutex/Monitor currently owned by a thread: None

Heap address: 0x00000000c3600000, size: 970 MB, Compressed Oops mode: 32-bit

CDS archive(s) mapped at: [0x0000000800000000-0x0000000800bc0000-0x0000000800bc0000), size 12320768, SharedBaseAddress: 0x0000000800000000, ArchiveRelocationMode: 0.
Compressed class space mapped at: 0x0000000800c00000-0x0000000840c00000, reserved size: 1073741824
Narrow klass base: 0x0000000800000000, Narrow klass shift: 0, Narrow klass range: 0x100000000

GC Precious Log:
 CPUs: 4 total, 4 available
 Memory: 3873M
 Large Page Support: Disabled
 NUMA Support: Disabled
 Compressed Oops: Enabled (32-bit)
 Heap Region Size: 1M
 Heap Min Capacity: 8M
 Heap Initial Capacity: 62M
 Heap Max Capacity: 970M
 Pre-touch: Disabled
 Parallel Workers: 4
 Concurrent Workers: 1
 Concurrent Refinement Workers: 4
 Periodic GC: Disabled

Heap:
 garbage-first heap   total 63488K, used 1024K [0x00000000c3600000, 0x0000000100000000)
  region size 1024K, 2 young (2048K), 0 survivors (0K)
 Metaspace       used 261K, committed 448K, reserved 1056768K
  class space    used 6K, committed 128K, reserved 1048576K

Heap Regions: E=young(eden), S=young(survivor), O=old, HS=humongous(starts), HC=humongous(continues), CS=collection set, F=free, OA=open archive, CA=closed archive, TAMS=top-at-mark-start (previous, next)
|   0|0x00000000c3600000, 0x00000000c3600000, 0x00000000c3700000|  0%| F|  |TAMS 0x00000000c3600000, 0x00000000c3600000| Untracked 
|   1|0x00000000c3700000, 0x00000000c3700000, 0x00000000c3800000|  0%| F|  |TAMS 0x00000000c3700000, 0x00000000c3700000| Untracked 
|   2|0x00000000c3800000, 0x00000000c3800000, 0x00000000c3900000|  0%| F|  |TAMS 0x00000000c3800000, 0x00000000c3800000| Untracked 
|   3|0x00000000c3900000, 0x00000000c3900000, 0x00000000c3a00000|  0%| F|  |TAMS 0x00000000c3900000, 0x00000000c3900000| Untracked 
|   4|0x00000000c3a00000, 0x00000000c3a00000, 0x00000000c3b00000|  0%| F|  |TAMS 0x00000000c3a00000, 0x00000000c3a00000| Untracked 
|   5|0x00000000c3b00000, 0x00000000c3b00000, 0x00000000c3c00000|  0%| F|  |TAMS 0x00000000c3b00000, 0x00000000c3b00000| Untracked 
|   6|0x00000000c3c00000, 0x00000000c3c00000, 0x00000000c3d00000|  0%| F|  |TAMS 0x00000000c3c00000, 0x00000000c3c00000| Untracked 
|   7|0x00000000c3d00000, 0x00000000c3d00000, 0x00000000c3e00000|  0%| F|  |TAMS 0x00000000c3d00000, 0x00000000c3d00000| Untracked 
|   8|0x00000000c3e00000, 0x00000000c3e00000, 0x00000000c3f00000|  0%| F|  |TAMS 0x00000000c3e00000, 0x00000000c3e00000| Untracked 
|   9|0x00000000c3f00000, 0x00000000c3f00000, 0x00000000c4000000|  0%| F|  |TAMS 0x00000000c3f00000, 0x00000000c3f00000| Untracked 
|  10|0x00000000c4000000, 0x00000000c4000000, 0x00000000c4100000|  0%| F|  |TAMS 0x00000000c4000000, 0x00000000c4000000| Untracked 
|  11|0x00000000c4100000, 0x00000000c4100000, 0x00000000c4200000|  0%| F|  |TAMS 0x00000000c4100000, 0x00000000c4100000| Untracked 
|  12|0x00000000c4200000, 0x00000000c4200000, 0x00000000c4300000|  0%| F|  |TAMS 0x00000000c4200000, 0x00000000c4200000| Untracked 
|  13|0x00000000c4300000, 0x00000000c4300000, 0x00000000c4400000|  0%| F|  |TAMS 0x00000000c4300000, 0x00000000c4300000| Untracked 
|  14|0x00000000c4400000, 0x00000000c4400000, 0x00000000c4500000|  0%| F|  |TAMS 0x00000000c4400000, 0x00000000c4400000| Untracked 
|  15|0x00000000c4500000, 0x00000000c4500000, 0x00000000c4600000|  0%| F|  |TAMS 0x00000000c4500000, 0x00000000c4500000| Untracked 
|  16|0x00000000c4600000, 0x00000000c4600000, 0x00000000c4700000|  0%| F|  |TAMS 0x00000000c4600000, 0x00000000c4600000| Untracked 
|  17|0x00000000c4700000, 0x00000000c4700000, 0x00000000c4800000|  0%| F|  |TAMS 0x00000000c4700000, 0x00000000c4700000| Untracked 
|  18|0x00000000c4800000, 0x00000000c4800000, 0x00000000c4900000|  0%| F|  |TAMS 0x00000000c4800000, 0x00000000c4800000| Untracked 
|  19|0x00000000c4900000, 0x00000000c4900000, 0x00000000c4a00000|  0%| F|  |TAMS 0x00000000c4900000, 0x00000000c4900000| Untracked 
|  20|0x00000000c4a00000, 0x00000000c4a00000, 0x00000000c4b00000|  0%| F|  |TAMS 0x00000000c4a00000, 0x00000000c4a00000| Untracked 
|  21|0x00000000c4b00000, 0x00000000c4b00000, 0x00000000c4c00000|  0%| F|  |TAMS 0x00000000c4b00000, 0x00000000c4b00000| Untracked 
|  22|0x00000000c4c00000, 0x00000000c4c00000, 0x00000000c4d00000|  0%| F|  |TAMS 0x00000000c4c00000, 0x00000000c4c00000| Untracked 
|  23|0x00000000c4d00000, 0x00000000c4d00000, 0x00000000c4e00000|  0%| F|  |TAMS 0x00000000c4d00000, 0x00000000c4d00000| Untracked 
|  24|0x00000000c4e00000, 0x00000000c4e00000, 0x00000000c4f00000|  0%| F|  |TAMS 0x00000000c4e00000, 0x00000000c4e00000| Untracked 
|  25|0x00000000c4f00000, 0x00000000c4f00000, 0x00000000c5000000|  0%| F|  |TAMS 0x00000000c4f00000, 0x00000000c4f00000| Untracked 
|  26|0x00000000c5000000, 0x00000000c5000000, 0x00000000c5100000|  0%| F|  |TAMS 0x00000000c5000000, 0x00000000c5000000| Untracked 
|  27|0x00000000c5100000, 0x00000000c5100000, 0x00000000c5200000|  0%| F|  |TAMS 0x00000000c5100000, 0x00000000c5100000| Untracked 
|  28|0x00000000c5200000, 0x00000000c5200000, 0x00000000c5300000|  0%| F|  |TAMS 0x00000000c5200000, 0x00000000c5200000| Untracked 
|  29|0x00000000c5300000, 0x00000000c5300000, 0x00000000c5400000|  0%| F|  |TAMS 0x00000000c5300000, 0x00000000c5300000| Untracked 
|  30|0x00000000c5400000, 0x00000000c5400000, 0x00000000c5500000|  0%| F|  |TAMS 0x00000000c5400000, 0x00000000c5400000| Untracked 
|  31|0x00000000c5500000, 0x00000000c5500000, 0x00000000c5600000|  0%| F|  |TAMS 0x00000000c5500000, 0x00000000c5500000| Untracked 
|  32|0x00000000c5600000, 0x00000000c5600000, 0x00000000c5700000|  0%| F|  |TAMS 0x00000000c5600000, 0x00000000c5600000| Untracked 
|  33|0x00000000c5700000, 0x00000000c5700000, 0x00000000c5800000|  0%| F|  |TAMS 0x00000000c5700000, 0x00000000c5700000| Untracked 
|  34|0x00000000c5800000, 0x00000000c5800000, 0x00000000c5900000|  0%| F|  |TAMS 0x00000000c5800000, 0x00000000c5800000| Untracked 
|  35|0x00000000c5900000, 0x00000000c5900000, 0x00000000c5a00000|  0%| F|  |TAMS 0x00000000c5900000, 0x00000000c5900000| Untracked 
|  36|0x00000000c5a00000, 0x00000000c5a00000, 0x00000000c5b00000|  0%| F|  |TAMS 0x00000000c5a00000, 0x00000000c5a00000| Untracked 
|  37|0x00000000c5b00000, 0x00000000c5b00000, 0x00000000c5c00000|  0%| F|  |TAMS 0x00000000c5b00000, 0x00000000c5b00000| Untracked 
|  38|0x00000000c5c00000, 0x00000000c5c00000, 0x00000000c5d00000|  0%| F|  |TAMS 0x00000000c5c00000, 0x00000000c5c00000| Untracked 
|  39|0x00000000c5d00000, 0x00000000c5d00000, 0x00000000c5e00000|  0%| F|  |TAMS 0x00000000c5d00000, 0x00000000c5d00000| Untracked 
|  40|0x00000000c5e00000, 0x00000000c5e00000, 0x00000000c5f00000|  0%| F|  |TAMS 0x00000000c5e00000, 0x00000000c5e00000| Untracked 
|  41|0x00000000c5f00000, 0x00000000c5f00000, 0x00000000c6000000|  0%| F|  |TAMS 0x00000000c5f00000, 0x00000000c5f00000| Untracked 
|  42|0x00000000c6000000, 0x00000000c6000000, 0x00000000c6100000|  0%| F|  |TAMS 0x00000000c6000000, 0x00000000c6000000| Untracked 
|  43|0x00000000c6100000, 0x00000000c6100000, 0x00000000c6200000|  0%| F|  |TAMS 0x00000000c6100000, 0x00000000c6100000| Untracked 
|  44|0x00000000c6200000, 0x00000000c6200000, 0x00000000c6300000|  0%| F|  |TAMS 0x00000000c6200000, 0x00000000c6200000| Untracked 
|  45|0x00000000c6300000, 0x00000000c6300000, 0x00000000c6400000|  0%| F|  |TAMS 0x00000000c6300000, 0x00000000c6300000| Untracked 
|  46|0x00000000c6400000, 0x00000000c6400000, 0x00000000c6500000|  0%| F|  |TAMS 0x00000000c6400000, 0x00000000c6400000| Untracked 
|  47|0x00000000c6500000, 0x00000000c6500000, 0x00000000c6600000|  0%| F|  |TAMS 0x00000000c6500000, 0x00000000c6500000| Untracked 
|  48|0x00000000c6600000, 0x00000000c6600000, 0x00000000c6700000|  0%| F|  |TAMS 0x00000000c6600000, 0x00000000c6600000| Untracked 
|  49|0x00000000c6700000, 0x00000000c6700000, 0x00000000c6800000|  0%| F|  |TAMS 0x00000000c6700000, 0x00000000c6700000| Untracked 
|  50|0x00000000c6800000, 0x00000000c6800000, 0x00000000c6900000|  0%| F|  |TAMS 0x00000000c6800000, 0x00000000c6800000| Untracked 
|  51|0x00000000c6900000, 0x00000000c6900000, 0x00000000c6a00000|  0%| F|  |TAMS 0x00000000c6900000, 0x00000000c6900000| Untracked 
|  52|0x00000000c6a00000, 0x00000000c6a00000, 0x00000000c6b00000|  0%| F|  |TAMS 0x00000000c6a00000, 0x00000000c6a00000| Untracked 
|  53|0x00000000c6b00000, 0x00000000c6b00000, 0x00000000c6c00000|  0%| F|  |TAMS 0x00000000c6b00000, 0x00000000c6b00000| Untracked 
|  54|0x00000000c6c00000, 0x00000000c6c00000, 0x00000000c6d00000|  0%| F|  |TAMS 0x00000000c6c00000, 0x00000000c6c00000| Untracked 
|  55|0x00000000c6d00000, 0x00000000c6d00000, 0x00000000c6e00000|  0%| F|  |TAMS 0x00000000c6d00000, 0x00000000c6d00000| Untracked 
|  56|0x00000000c6e00000, 0x00000000c6e00000, 0x00000000c6f00000|  0%| F|  |TAMS 0x00000000c6e00000, 0x00000000c6e00000| Untracked 
|  57|0x00000000c6f00000, 0x00000000c6f00000, 0x00000000c7000000|  0%| F|  |TAMS 0x00000000c6f00000, 0x00000000c6f00000| Untracked 
|  58|0x00000000c7000000, 0x00000000c7000000, 0x00000000c7100000|  0%| F|  |TAMS 0x00000000c7000000, 0x00000000c7000000| Untracked 
|  59|0x00000000c7100000, 0x00000000c7100000, 0x00000000c7200000|  0%| F|  |TAMS 0x00000000c7100000, 0x00000000c7100000| Untracked 
|  60|0x00000000c7200000, 0x00000000c72c83c0, 0x00000000c7300000| 78%| E|  |TAMS 0x00000000c7200000, 0x00000000c7200000| Complete 
|  61|0x00000000c7300000, 0x00000000c7400000, 0x00000000c7400000|100%| E|CS|TAMS 0x00000000c7300000, 0x00000000c7300000| Complete 

Card table byte_map: [0x000002b21a350000,0x000002b21a540000] _byte_map_base: 0x000002b219d35000

Marking Bits (Prev, Next): (CMBitMap*) 0x000002b201b54fe0, (CMBitMap*) 0x000002b201b55020
 Prev Bits: [0x000002b21a730000, 0x000002b21b658000)
 Next Bits: [0x000002b21b660000, 0x000002b21c588000)

Polling page: 0x000002b201bf0000

Metaspace:

Usage:
  Non-class:    254.12 KB used.
      Class:      6.88 KB used.
       Both:    261.00 KB used.

Virtual space:
  Non-class space:        8.00 MB reserved,     320.00 KB (  4%) committed,  1 nodes.
      Class space:        1.00 GB reserved,     128.00 KB ( <1%) committed,  1 nodes.
             Both:        1.01 GB reserved,     448.00 KB ( <1%) committed. 

Chunk freelists:
   Non-Class:  4.00 MB
       Class:  3.75 MB
        Both:  7.75 MB

MaxMetaspaceSize: unlimited
CompressedClassSpaceSize: 1.00 GB
Initial GC threshold: 21.00 MB
Current GC threshold: 21.00 MB
CDS: on
MetaspaceReclaimPolicy: balanced
 - commit_granule_bytes: 65536.
 - commit_granule_words: 8192.
 - virtual_space_node_default_size: 1048576.
 - enlarge_chunks_in_place: 1.
 - new_chunks_are_fully_committed: 0.
 - uncommit_free_chunks: 1.
 - use_allocation_guard: 0.
 - handle_deallocations: 1.


Internal statistics:

num_allocs_failed_limit: 0.
num_arena_births: 4.
num_arena_deaths: 0.
num_vsnodes_births: 2.
num_vsnodes_deaths: 0.
num_space_committed: 7.
num_space_uncommitted: 0.
num_chunks_returned_to_freelist: 0.
num_chunks_taken_from_freelist: 5.
num_chunk_merges: 0.
num_chunk_splits: 2.
num_chunks_enlarged: 1.
num_purges: 0.
num_inconsistent_stats: 0.

CodeHeap 'non-profiled nmethods': size=120000Kb used=48Kb max_used=48Kb free=119951Kb
 bounds [0x000002b212610000, 0x000002b212880000, 0x000002b219b40000]
CodeHeap 'profiled nmethods': size=120000Kb used=181Kb max_used=181Kb free=119818Kb
 bounds [0x000002b20b0e0000, 0x000002b20b350000, 0x000002b212610000]
CodeHeap 'non-nmethods': size=5760Kb used=1084Kb max_used=1095Kb free=4675Kb
 bounds [0x000002b20ab40000, 0x000002b20adb0000, 0x000002b20b0e0000]
 total_blobs=502 nmethods=163 adapters=252
 compilation: enabled
              stopped_count=0, restarted_count=0
 full_count=0

Compilation events (20 events):
Event: 0.189 Thread 0x000002b21eb2ab90 nmethod 152 0x000002b20b10be10 code [0x000002b20b10bfc0, 0x000002b20b10c1f8]
Event: 0.189 Thread 0x000002b21eb2ab90  154       3       java.lang.AbstractStringBuilder::isLatin1 (19 bytes)
Event: 0.189 Thread 0x000002b21eb2ab90 nmethod 154 0x000002b20b10c310 code [0x000002b20b10c4a0, 0x000002b20b10c618]
Event: 0.189 Thread 0x000002b21eb2ab90  155       1       java.lang.module.ModuleDescriptor$Version::toString (5 bytes)
Event: 0.190 Thread 0x000002b21eb2ab90 nmethod 155 0x000002b21261b190 code [0x000002b21261b320, 0x000002b21261b3f8]
Event: 0.190 Thread 0x000002b21eb2ab90  156       1       java.lang.module.ResolvedModule::reference (5 bytes)
Event: 0.190 Thread 0x000002b21eb2ab90 nmethod 156 0x000002b21261b490 code [0x000002b21261b620, 0x000002b21261b6f8]
Event: 0.190 Thread 0x000002b21eb2ab90  157       3       java.lang.module.ResolvedModule::name (11 bytes)
Event: 0.190 Thread 0x000002b21eb2ab90 nmethod 157 0x000002b20b10c690 code [0x000002b20b10c820, 0x000002b20b10c978]
Event: 0.190 Thread 0x000002b21eb247f0  159       4       java.util.HashMap::putVal (300 bytes)
Event: 0.190 Thread 0x000002b21eb2ab90  158       3       java.util.HashSet::<init> (16 bytes)
Event: 0.190 Thread 0x000002b21eb2ab90 nmethod 158 0x000002b20b10ca90 code [0x000002b20b10cc60, 0x000002b20b10d078]
Event: 0.191 Thread 0x000002b21eb2ab90  161       1       java.lang.module.ResolvedModule::configuration (5 bytes)
Event: 0.192 Thread 0x000002b21eb2ab90 nmethod 161 0x000002b21261b790 code [0x000002b21261b920, 0x000002b21261b9f8]
Event: 0.192 Thread 0x000002b21eb2ab90  162       1       java.lang.module.ModuleDescriptor::isOpen (5 bytes)
Event: 0.192 Thread 0x000002b21eb2ab90 nmethod 162 0x000002b21261ba90 code [0x000002b21261bc20, 0x000002b21261bcf8]
Event: 0.192 Thread 0x000002b21eb2ab90  163       1       java.util.HashMap::size (5 bytes)
Event: 0.192 Thread 0x000002b21eb2ab90 nmethod 163 0x000002b21261bd90 code [0x000002b21261bf20, 0x000002b21261bff8]
Event: 0.192 Thread 0x000002b21eb2ab90  164       1       java.lang.module.ModuleDescriptor$Provides::service (5 bytes)
Event: 0.192 Thread 0x000002b21eb2ab90 nmethod 164 0x000002b21261c090 code [0x000002b21261c220, 0x000002b21261c2f8]

GC Heap History (0 events):
No events

Deoptimization events (0 events):
No events

Classes unloaded (0 events):
No events

Classes redefined (0 events):
No events

Internal exceptions (0 events):
No events

VM Operations (2 events):
Event: 0.164 Executing VM operation: HandshakeAllThreads
Event: 0.164 Executing VM operation: HandshakeAllThreads done

Events (19 events):
Event: 0.009 Loaded shared library C:\Users\Владимир\.jdks\openjdk-17.0.2\bin\java.dll
Event: 0.024 Loaded shared library C:\Users\Владимир\.jdks\openjdk-17.0.2\bin\jsvml.dll
Event: 0.024 Thread 0x000002b201b2bcb0 Thread added: 0x000002b201b2bcb0
Event: 0.030 Thread 0x000002b201bd78f0 Thread added: 0x000002b201bd78f0
Event: 0.031 Thread 0x000002b201bd9580 Thread added: 0x000002b201bd9580
Event: 0.039 loading class sun/nio/cs/MS1251
Event: 0.039 loading class sun/nio/cs/MS1251 done
Event: 0.039 loading class sun/nio/cs/MS1251$Holder
Event: 0.039 loading class sun/nio/cs/MS1251$Holder done
Event: 0.042 loading class sun/nio/cs/UTF_8$Encoder
Event: 0.042 loading class sun/nio/cs/UTF_8$Encoder done
Event: 0.045 Thread 0x000002b201bebd90 Thread added: 0x000002b201bebd90
Event: 0.045 Thread 0x000002b201bec940 Thread added: 0x000002b201bec940
Event: 0.046 Thread 0x000002b201bee080 Thread added: 0x000002b201bee080
Event: 0.047 Thread 0x000002b201beea30 Thread added: 0x000002b201beea30
Event: 0.048 Thread 0x000002b21eb247f0 Thread added: 0x000002b21eb247f0
Event: 0.055 Thread 0x000002b21eb2ab90 Thread added: 0x000002b21eb2ab90
Event: 0.065 Thread 0x000002b21eba00d0 Thread added: 0x000002b21eba00d0
Event: 0.122 Thread 0x000002b201bbdf50 Thread added: 0x000002b201bbdf50


Dynamic libraries:
0x00007ff7e50d0000 - 0x00007ff7e50de000 	C:\Users\Владимир\.jdks\openjdk-17.0.2\bin\java.exe
0x00007ffec5b20000 - 0x00007ffec5d0d000 	C:\Windows\SYSTEM32\ntdll.dll
0x00007ffe96510000 - 0x00007ffe96526000 	C:\Program Files\Avast Software\Avast\aswhook.dll
0x00007ffec32e0000 - 0x00007ffec3394000 	C:\Windows\System32\KERNEL32.DLL
0x00007ffec2820000 - 0x00007ffec2ab4000 	C:\Windows\System32\KERNELBASE.dll
0x00007ffec2600000 - 0x00007ffec26fa000 	C:\Windows\System32\ucrtbase.dll
0x00007ffebe310000 - 0x00007ffebe328000 	C:\Users\Владимир\.jdks\openjdk-17.0.2\bin\jli.dll
0x00007ffec4ae0000 - 0x00007ffec4c77000 	C:\Windows\System32\USER32.dll
0x00007ffec25e0000 - 0x00007ffec2600000 	C:\Windows\System32\win32u.dll
0x00007ffec56b0000 - 0x00007ffec56d9000 	C:\Windows\System32\GDI32.dll
0x00007ffec1ca0000 - 0x00007ffec1e3c000 	C:\Windows\System32\gdi32full.dll
0x00007ffec2ac0000 - 0x00007ffec2b60000 	C:\Windows\System32\msvcp_win.dll
0x00007ffebb210000 - 0x00007ffebb22a000 	C:\Users\Владимир\.jdks\openjdk-17.0.2\bin\VCRUNTIME140.dll
0x00007ffeaed70000 - 0x00007ffeaefe9000 	C:\Windows\WinSxS\amd64_microsoft.windows.common-controls_6595b64144ccf1df_6.0.17763.2300_none_de6de3f4534e3b8d\COMCTL32.dll
0x00007ffec2ea0000 - 0x00007ffec2f3e000 	C:\Windows\System32\msvcrt.dll
0x00007ffec4de0000 - 0x00007ffec510d000 	C:\Windows\System32\combase.dll
0x00007ffec5590000 - 0x00007ffec56af000 	C:\Windows\System32\RPCRT4.dll
0x00007ffec2730000 - 0x00007ffec27b2000 	C:\Windows\System32\bcryptPrimitives.dll
0x00007ffec56e0000 - 0x00007ffec570e000 	C:\Windows\System32\IMM32.DLL
0x00007ffebe300000 - 0x00007ffebe30c000 	C:\Users\Владимир\.jdks\openjdk-17.0.2\bin\vcruntime140_1.dll
0x00007ffeb70c0000 - 0x00007ffeb714d000 	C:\Users\Владимир\.jdks\openjdk-17.0.2\bin\msvcp140.dll
0x00007ffe8df60000 - 0x00007ffe8eb21000 	C:\Users\Владимир\.jdks\openjdk-17.0.2\bin\server\jvm.dll
0x00007ffec4d30000 - 0x00007ffec4dd4000 	C:\Windows\System32\ADVAPI32.dll
0x00007ffec5860000 - 0x00007ffec58fe000 	C:\Windows\System32\sechost.dll
0x00007ffec4ad0000 - 0x00007ffec4ad8000 	C:\Windows\System32\PSAPI.DLL
0x00007ffebfbf0000 - 0x00007ffebfc14000 	C:\Windows\SYSTEM32\WINMM.dll
0x00007ffeb0f00000 - 0x00007ffeb0f09000 	C:\Windows\SYSTEM32\WSOCK32.dll
0x00007ffec5ab0000 - 0x00007ffec5b1d000 	C:\Windows\System32\WS2_32.dll
0x00007ffeb7240000 - 0x00007ffeb724a000 	C:\Windows\SYSTEM32\VERSION.dll
0x00007ffebfbc0000 - 0x00007ffebfbed000 	C:\Windows\SYSTEM32\WINMMBASE.dll
0x00007ffec2590000 - 0x00007ffec25da000 	C:\Windows\System32\cfgmgr32.dll
0x00007ffec1b20000 - 0x00007ffec1b31000 	C:\Windows\System32\kernel.appcore.dll
0x00007ffebb200000 - 0x00007ffebb20a000 	C:\Users\Владимир\.jdks\openjdk-17.0.2\bin\jimage.dll
0x00007ffeb3d70000 - 0x00007ffeb3f5d000 	C:\Windows\SYSTEM32\DBGHELP.DLL
0x00007ffeb3d20000 - 0x00007ffeb3d4a000 	C:\Windows\SYSTEM32\dbgcore.DLL
0x00007ffebb1f0000 - 0x00007ffebb1fe000 	C:\Users\Владимир\.jdks\openjdk-17.0.2\bin\instrument.dll
0x00007ffebab70000 - 0x00007ffebab95000 	C:\Users\Владимир\.jdks\openjdk-17.0.2\bin\java.dll
0x00007ffeb2270000 - 0x00007ffeb2346000 	C:\Users\Владимир\.jdks\openjdk-17.0.2\bin\jsvml.dll
0x00007ffec3460000 - 0x00007ffec4959000 	C:\Windows\System32\SHELL32.dll
0x00007ffec2df0000 - 0x00007ffec2e98000 	C:\Windows\System32\shcore.dll
0x00007ffec1e40000 - 0x00007ffec258a000 	C:\Windows\System32\windows.storage.dll
0x00007ffec1ba0000 - 0x00007ffec1bc4000 	C:\Windows\System32\profapi.dll
0x00007ffec1b40000 - 0x00007ffec1b9d000 	C:\Windows\System32\powrprof.dll
0x00007ffec33a0000 - 0x00007ffec33f2000 	C:\Windows\System32\shlwapi.dll
0x00007ffec2b60000 - 0x00007ffec2b77000 	C:\Windows\System32\cryptsp.dll
0x00007ffeb7060000 - 0x00007ffeb7078000 	C:\Users\Владимир\.jdks\openjdk-17.0.2\bin\zip.dll

dbghelp: loaded successfully - version: 4.0.5 - missing functions: none
symbol engine: initialized successfully - sym options: 0x614 - pdb path: .;C:\Users\Владимир\.jdks\openjdk-17.0.2\bin;C:\Windows\SYSTEM32;C:\Program Files\Avast Software\Avast;C:\Windows\WinSxS\amd64_microsoft.windows.common-controls_6595b64144ccf1df_6.0.17763.2300_none_de6de3f4534e3b8d;C:\Users\Владимир\.jdks\openjdk-17.0.2\bin\server

VM Arguments:
jvm_args: -javaagent:C:\Program Files\JetBrains\IntelliJ IDEA Community Edition 2021.2.3\lib\idea_rt.jar=61826:C:\Program Files\JetBrains\IntelliJ IDEA Community Edition 2021.2.3\bin -Dfile.encoding=UTF-8 
java_command: Main
java_class_path (initial): C:\Users\Владимир\Java3Work7\target\classes;C:\Users\Владимир\.m2\repository\org\junit\jupiter\junit-jupiter\5.8.2\junit-jupiter-5.8.2.jar;C:\Users\Владимир\.m2\repository\org\junit\jupiter\junit-jupiter-api\5.8.2\junit-jupiter-api-5.8.2.jar;C:\Users\Владимир\.m2\repository\org\opentest4j\opentest4j\1.2.0\opentest4j-1.2.0.jar;C:\Users\Владимир\.m2\repository\org\junit\platform\junit-platform-commons\1.8.2\junit-platform-commons-1.8.2.jar;C:\Users\Владимир\.m2\repository\org\apiguardian\apiguardian-api\1.1.2\apiguardian-api-1.1.2.jar;C:\Users\Владимир\.m2\repository\org\junit\jupiter\junit-jupiter-params\5.8.2\junit-jupiter-params-5.8.2.jar;C:\Users\Владимир\.m2\repository\org\junit\jupiter\junit-jupiter-engine\5.8.2\junit-jupiter-engine-5.8.2.jar;C:\Users\Владимир\.m2\repository\org\junit\platform\junit-platform-engine\1.8.2\junit-platform-engine-1.8.2.jar
Launcher Type: SUN_STANDARD

[Global flags]
     intx CICompilerCount                          = 3                                         {product} {ergonomic}
     uint ConcGCThreads                            = 1                                         {product} {ergonomic}
     uint G1ConcRefinementThreads                  = 4                                         {product} {ergonomic}
   size_t G1HeapRegionSize                         = 1048576                                   {product} {ergonomic}
    uintx GCDrainStackTargetSize                   = 64                                        {product} {ergonomic}
   size_t InitialHeapSize                          = 65011712                                  {product} {ergonomic}
   size_t MarkStackSize                            = 4194304                                   {product} {ergonomic}
   size_t MaxHeapSize                              = 1017118720                                {product} {ergonomic}
   size_t MaxNewSize                               = 610271232                                 {product} {ergonomic}
   size_t MinHeapDeltaBytes                        = 1048576                                   {product} {ergonomic}
   size_t MinHeapSize                              = 8388608                                   {product} {ergonomic}
    uintx NonNMethodCodeHeapSize                   = 5832780                                {pd product} {ergonomic}
    uintx NonProfiledCodeHeapSize                  = 122912730                              {pd product} {ergonomic}
    uintx ProfiledCodeHeapSize                     = 122912730                              {pd product} {ergonomic}
    uintx ReservedCodeCacheSize                    = 251658240                              {pd product} {ergonomic}
     bool SegmentedCodeCache                       = true                                      {product} {ergonomic}
   size_t SoftMaxHeapSize                          = 1017118720                             {manageable} {ergonomic}
     bool UseCompressedClassPointers               = true                           {product lp64_product} {ergonomic}
     bool UseCompressedOops                        = true                           {product lp64_product} {ergonomic}
     bool UseG1GC                                  = true                                      {product} {ergonomic}
     bool UseLargePagesIndividualAllocation        = false                                  {pd product} {ergonomic}

Logging:
Log output configuration:
 #0: stdout all=warning uptime,level,tags
 #1: stderr all=off uptime,level,tags

Environment Variables:
PATH=C:\Program Files\Common Files\Oracle\Java\javapath;C:\Program Files (x86)\Common Files\Oracle\Java\javapath;C:\Windows\system32;C:\Windows;C:\Windows\System32\Wbem;C:\Windows\System32\WindowsPowerShell\v1.0\;C:\Program Files\Git\cmd;C:\Users\Владимир\AppData\Local\Microsoft\WindowsApps;C:\Users\Владимир\AppData\Local\gitkraken\bin;C:\Users\Владимир\AppData\Local\Programs\Microsoft VS Code\bin
USERNAME=Владимир
OS=Windows_NT
PROCESSOR_IDENTIFIER=Intel64 Family 6 Model 126 Stepping 5, GenuineIntel



---------------  S Y S T E M  ---------------

OS:
 Windows 10 , 64 bit Build 17763 (10.0.17763.2300)
OS uptime: 0 days 0:21 hours

CPU: total 4 (initial active 4) (2 cores per cpu, 2 threads per core) family 6 model 126 stepping 5 microcode 0xa0, cx8, cmov, fxsr, ht, mmx, 3dnowpref, sse, sse2, sse3, ssse3, sse4.1, sse4.2, popcnt, lzcnt, tsc, tscinvbit, avx, avx2, aes, erms, clmul, bmi1, bmi2, adx, avx512f, avx512dq, avx512cd, avx512bw, avx512vl, sha, fma, vzeroupper, avx512_vpopcntdq, avx512_vpclmulqdq, avx512_vaes, avx512_vnni, clflush, clflushopt, avx512_vbmi2, avx512_vbmi

Memory: 4k page, system-wide physical 3873M (295M free)
TotalPageFile size 5921M (AvailPageFile size 4M)
current process WorkingSet (physical memory assigned to process): 28M, peak: 28M
current process commit charge ("private bytes"): 132M, peak: 132M

vm_info: OpenJDK 64-Bit Server VM (17.0.2+8-86) for windows-amd64 JRE (17.0.2+8-86), built on Dec  7 2021 21:49:10 by "mach5one" with MS VC++ 16.8 / 16.9 (VS2019)

END.
