#
# There is insufficient memory for the Java Runtime Environment to continue.
# Native memory allocation (mmap) failed to map 65011712 bytes for G1 virtual space
# Possible reasons:
#   The system is out of physical RAM or swap space
#   The process is running with CompressedOops enabled, and the Java Heap may be blocking the growth of the native heap
# Possible solutions:
#   Reduce memory load on the system
#   Increase physical memory or swap space
#   Check if swap backing store is full
#   Decrease Java heap size (-Xmx/-Xms)
#   Decrease number of Java threads
#   Decrease Java thread stack sizes (-Xss)
#   Set larger code cache with -XX:ReservedCodeCacheSize=
#   JVM is running with Unscaled Compressed Oops mode in which the Java heap is
#     placed in the first 4GB address space. The Java Heap base address is the
#     maximum limit for the native heap growth. Please use -XX:HeapBaseMinAddress
#     to set the Java Heap base and to place the Java Heap above 4GB virtual address.
# This output file may be truncated or incomplete.
#
#  Out of Memory Error (os_windows.cpp:3532), pid=8296, tid=8936
#
# JRE version:  (17.0.2+8) (build )
# Java VM: OpenJDK 64-Bit Server VM (17.0.2+8-86, mixed mode, sharing, tiered, compressed oops, compressed class ptrs, g1 gc, windows-amd64)
# No core dump will be written. Minidumps are not enabled by default on client versions of Windows
#

---------------  S U M M A R Y ------------

Command Line: -javaagent:C:\Program Files\JetBrains\IntelliJ IDEA Community Edition 2021.2.3\lib\idea_rt.jar=50226:C:\Program Files\JetBrains\IntelliJ IDEA Community Edition 2021.2.3\bin -Dfile.encoding=UTF-8 Main

Host: Intel(R) Core(TM) i3-1005G1 CPU @ 1.20GHz, 4 cores, 3G,  Windows 10 , 64 bit Build 17763 (10.0.17763.2300)
Time: Tue Apr 12 22:12:41 2022 RTZ 2 (зима) elapsed time: 0.020975 seconds (0d 0h 0m 0s)

---------------  T H R E A D  ---------------

Current thread (0x000001d569938ea0):  JavaThread "Unknown thread" [_thread_in_vm, id=8936, stack(0x0000007209000000,0x0000007209100000)]

Stack: [0x0000007209000000,0x0000007209100000]
Native frames: (J=compiled Java code, j=interpreted, Vv=VM code, C=native code)
V  [jvm.dll+0x670baa]
V  [jvm.dll+0x7cfcb4]
V  [jvm.dll+0x7d145e]
V  [jvm.dll+0x7d1ac3]
V  [jvm.dll+0x242bc5]
V  [jvm.dll+0x66dac9]
V  [jvm.dll+0x662412]
V  [jvm.dll+0x300c0b]
V  [jvm.dll+0x3081a6]
V  [jvm.dll+0x357d0e]
V  [jvm.dll+0x357f3f]
V  [jvm.dll+0x2d7ec8]
V  [jvm.dll+0x2d8e34]
V  [jvm.dll+0x7a18c1]
V  [jvm.dll+0x365a91]
V  [jvm.dll+0x780d2c]
V  [jvm.dll+0x3e845f]
V  [jvm.dll+0x3e9f01]
C  [jli.dll+0x527b]
C  [ucrtbase.dll+0x2268a]
C  [KERNEL32.DLL+0x17974]
C  [ntdll.dll+0x5a2f1]


---------------  P R O C E S S  ---------------

Threads class SMR info:
_java_thread_list=0x00007ffc8df89858, length=0, elements={
}

Java Threads: ( => current thread )

Other Threads:
  0x000001d5699657a0 GCTaskThread "GC Thread#0" [stack: 0x0000007209100000,0x0000007209200000] [id=7864]
  0x000001d56996ff50 ConcurrentGCThread "G1 Main Marker" [stack: 0x0000007209200000,0x0000007209300000] [id=1880]
  0x000001d569971430 ConcurrentGCThread "G1 Conc#0" [stack: 0x0000007209300000,0x0000007209400000] [id=8928]

[error occurred during error reporting (printing all threads), id 0xc0000005, EXCEPTION_ACCESS_VIOLATION (0xc0000005) at pc=0x00007ffc8d7d88a7]

VM state: not at safepoint (not fully initialized)

VM Mutex/Monitor currently owned by a thread:  ([mutex/lock_event])
[0x000001d569934a20] Heap_lock - owner thread: 0x000001d569938ea0

Heap address: 0x00000000c3600000, size: 970 MB, Compressed Oops mode: 32-bit

CDS archive(s) mapped at: [0x0000000000000000-0x0000000000000000-0x0000000000000000), size 0, SharedBaseAddress: 0x0000000800000000, ArchiveRelocationMode: 0.
Narrow klass base: 0x0000000000000000, Narrow klass shift: 0, Narrow klass range: 0x0

GC Precious Log:
<Empty>

Heap:
 garbage-first heap   total 0K, used 0K [0x00000000c3600000, 0x0000000100000000)
  region size 1024K, 0 young (0K), 0 survivors (0K)

[error occurred during error reporting (printing heap information), id 0xc0000005, EXCEPTION_ACCESS_VIOLATION (0xc0000005) at pc=0x00007ffc8dbb9f19]

GC Heap History (0 events):
No events

Deoptimization events (0 events):
No events

Classes unloaded (0 events):
No events

Classes redefined (0 events):
No events

Internal exceptions (0 events):
No events

VM Operations (0 events):
No events

Events (1 events):
Event: 0.013 Loaded shared library C:\Users\Владимир\.jdks\openjdk-17.0.2\bin\java.dll


Dynamic libraries:
0x00007ff6b36c0000 - 0x00007ff6b36ce000 	C:\Users\Владимир\.jdks\openjdk-17.0.2\bin\java.exe
0x00007ffcc7e00000 - 0x00007ffcc7fed000 	C:\Windows\SYSTEM32\ntdll.dll
0x00007ffc988d0000 - 0x00007ffc988e6000 	C:\Program Files\Avast Software\Avast\aswhook.dll
0x00007ffcc76b0000 - 0x00007ffcc7764000 	C:\Windows\System32\KERNEL32.DLL
0x00007ffcc4da0000 - 0x00007ffcc5034000 	C:\Windows\System32\KERNELBASE.dll
0x00007ffcc42e0000 - 0x00007ffcc43da000 	C:\Windows\System32\ucrtbase.dll
0x00007ffcbfcf0000 - 0x00007ffcbfd08000 	C:\Users\Владимир\.jdks\openjdk-17.0.2\bin\jli.dll
0x00007ffcbfcd0000 - 0x00007ffcbfcea000 	C:\Users\Владимир\.jdks\openjdk-17.0.2\bin\VCRUNTIME140.dll
0x00007ffcc77d0000 - 0x00007ffcc7967000 	C:\Windows\System32\USER32.dll
0x00007ffcc5040000 - 0x00007ffcc5060000 	C:\Windows\System32\win32u.dll
0x00007ffcc70d0000 - 0x00007ffcc70f9000 	C:\Windows\System32\GDI32.dll
0x00007ffcc4120000 - 0x00007ffcc42bc000 	C:\Windows\System32\gdi32full.dll
0x00007ffcc4c70000 - 0x00007ffcc4d10000 	C:\Windows\System32\msvcp_win.dll
0x00007ffcaf1a0000 - 0x00007ffcaf419000 	C:\Windows\WinSxS\amd64_microsoft.windows.common-controls_6595b64144ccf1df_6.0.17763.2300_none_de6de3f4534e3b8d\COMCTL32.dll
0x00007ffcc6b00000 - 0x00007ffcc6b9e000 	C:\Windows\System32\msvcrt.dll
0x00007ffcc5210000 - 0x00007ffcc553d000 	C:\Windows\System32\combase.dll
0x00007ffcc50f0000 - 0x00007ffcc520f000 	C:\Windows\System32\RPCRT4.dll
0x00007ffcc4d10000 - 0x00007ffcc4d92000 	C:\Windows\System32\bcryptPrimitives.dll
0x00007ffcc71a0000 - 0x00007ffcc71ce000 	C:\Windows\System32\IMM32.DLL
0x00007ffcbfcc0000 - 0x00007ffcbfccc000 	C:\Users\Владимир\.jdks\openjdk-17.0.2\bin\vcruntime140_1.dll
0x00007ffcb46a0000 - 0x00007ffcb472d000 	C:\Users\Владимир\.jdks\openjdk-17.0.2\bin\msvcp140.dll
0x00007ffc8d4f0000 - 0x00007ffc8e0b1000 	C:\Users\Владимир\.jdks\openjdk-17.0.2\bin\server\jvm.dll
0x00007ffcc7310000 - 0x00007ffcc73b4000 	C:\Windows\System32\ADVAPI32.dll
0x00007ffcc7100000 - 0x00007ffcc719e000 	C:\Windows\System32\sechost.dll
0x00007ffcc5060000 - 0x00007ffcc5068000 	C:\Windows\System32\PSAPI.DLL
0x00007ffcae3f0000 - 0x00007ffcae3f9000 	C:\Windows\SYSTEM32\WSOCK32.dll
0x00007ffcc1370000 - 0x00007ffcc1394000 	C:\Windows\SYSTEM32\WINMM.dll
0x00007ffcc79f0000 - 0x00007ffcc7a5d000 	C:\Windows\System32\WS2_32.dll
0x00007ffcb7d30000 - 0x00007ffcb7d3a000 	C:\Windows\SYSTEM32\VERSION.dll
0x00007ffcc0fa0000 - 0x00007ffcc0fcd000 	C:\Windows\SYSTEM32\WINMMBASE.dll
0x00007ffcc3ed0000 - 0x00007ffcc3f1a000 	C:\Windows\System32\cfgmgr32.dll
0x00007ffcc3e00000 - 0x00007ffcc3e11000 	C:\Windows\System32\kernel.appcore.dll
0x00007ffcbfc90000 - 0x00007ffcbfc9a000 	C:\Users\Владимир\.jdks\openjdk-17.0.2\bin\jimage.dll
0x00007ffcc3870000 - 0x00007ffcc3a5d000 	C:\Windows\SYSTEM32\DBGHELP.DLL
0x00007ffcc3840000 - 0x00007ffcc386a000 	C:\Windows\SYSTEM32\dbgcore.DLL
0x00007ffcbfc50000 - 0x00007ffcbfc5e000 	C:\Users\Владимир\.jdks\openjdk-17.0.2\bin\instrument.dll
0x00007ffcbfc60000 - 0x00007ffcbfc85000 	C:\Users\Владимир\.jdks\openjdk-17.0.2\bin\java.dll

dbghelp: loaded successfully - version: 4.0.5 - missing functions: none
symbol engine: initialized successfully - sym options: 0x614 - pdb path: .;C:\Users\Владимир\.jdks\openjdk-17.0.2\bin;C:\Windows\SYSTEM32;C:\Program Files\Avast Software\Avast;C:\Windows\WinSxS\amd64_microsoft.windows.common-controls_6595b64144ccf1df_6.0.17763.2300_none_de6de3f4534e3b8d;C:\Users\Владимир\.jdks\openjdk-17.0.2\bin\server

VM Arguments:
jvm_args: -javaagent:C:\Program Files\JetBrains\IntelliJ IDEA Community Edition 2021.2.3\lib\idea_rt.jar=50226:C:\Program Files\JetBrains\IntelliJ IDEA Community Edition 2021.2.3\bin -Dfile.encoding=UTF-8 
java_command: Main
java_class_path (initial): C:\Users\Владимир\Java3Work7\target\classes;C:\Users\Владимир\.m2\repository\org\junit\jupiter\junit-jupiter\5.8.2\junit-jupiter-5.8.2.jar;C:\Users\Владимир\.m2\repository\org\junit\jupiter\junit-jupiter-api\5.8.2\junit-jupiter-api-5.8.2.jar;C:\Users\Владимир\.m2\repository\org\opentest4j\opentest4j\1.2.0\opentest4j-1.2.0.jar;C:\Users\Владимир\.m2\repository\org\junit\platform\junit-platform-commons\1.8.2\junit-platform-commons-1.8.2.jar;C:\Users\Владимир\.m2\repository\org\apiguardian\apiguardian-api\1.1.2\apiguardian-api-1.1.2.jar;C:\Users\Владимир\.m2\repository\org\junit\jupiter\junit-jupiter-params\5.8.2\junit-jupiter-params-5.8.2.jar;C:\Users\Владимир\.m2\repository\org\junit\jupiter\junit-jupiter-engine\5.8.2\junit-jupiter-engine-5.8.2.jar;C:\Users\Владимир\.m2\repository\org\junit\platform\junit-platform-engine\1.8.2\junit-platform-engine-1.8.2.jar
Launcher Type: SUN_STANDARD

[Global flags]
     intx CICompilerCount                          = 3                                         {product} {ergonomic}
     uint ConcGCThreads                            = 1                                         {product} {ergonomic}
     uint G1ConcRefinementThreads                  = 4                                         {product} {ergonomic}
   size_t G1HeapRegionSize                         = 1048576                                   {product} {ergonomic}
    uintx GCDrainStackTargetSize                   = 64                                        {product} {ergonomic}
   size_t InitialHeapSize                          = 65011712                                  {product} {ergonomic}
   size_t MarkStackSize                            = 4194304                                   {product} {ergonomic}
   size_t MaxHeapSize                              = 1017118720                                {product} {ergonomic}
   size_t MinHeapDeltaBytes                        = 1048576                                   {product} {ergonomic}
   size_t MinHeapSize                              = 8388608                                   {product} {ergonomic}
    uintx NonNMethodCodeHeapSize                   = 5832780                                {pd product} {ergonomic}
    uintx NonProfiledCodeHeapSize                  = 122912730                              {pd product} {ergonomic}
    uintx ProfiledCodeHeapSize                     = 122912730                              {pd product} {ergonomic}
    uintx ReservedCodeCacheSize                    = 251658240                              {pd product} {ergonomic}
     bool SegmentedCodeCache                       = true                                      {product} {ergonomic}
   size_t SoftMaxHeapSize                          = 1017118720                             {manageable} {ergonomic}
     bool UseCompressedClassPointers               = true                           {product lp64_product} {ergonomic}
     bool UseCompressedOops                        = true                           {product lp64_product} {ergonomic}
     bool UseG1GC                                  = true                                      {product} {ergonomic}
     bool UseLargePagesIndividualAllocation        = false                                  {pd product} {ergonomic}

Logging:
Log output configuration:
 #0: stdout all=warning uptime,level,tags
 #1: stderr all=off uptime,level,tags

Environment Variables:
PATH=C:\Program Files\Common Files\Oracle\Java\javapath;C:\Program Files (x86)\Common Files\Oracle\Java\javapath;C:\Windows\system32;C:\Windows;C:\Windows\System32\Wbem;C:\Windows\System32\WindowsPowerShell\v1.0\;C:\Program Files\Git\cmd;C:\Users\Владимир\AppData\Local\Microsoft\WindowsApps;C:\Users\Владимир\AppData\Local\gitkraken\bin;C:\Users\Владимир\AppData\Local\Programs\Microsoft VS Code\bin
USERNAME=Владимир
OS=Windows_NT
PROCESSOR_IDENTIFIER=Intel64 Family 6 Model 126 Stepping 5, GenuineIntel



---------------  S Y S T E M  ---------------

OS:
 Windows 10 , 64 bit Build 17763 (10.0.17763.2300)
OS uptime: 0 days 0:20 hours

CPU: total 4 (initial active 4) (2 cores per cpu, 2 threads per core) family 6 model 126 stepping 5 microcode 0xa0, cx8, cmov, fxsr, ht, mmx, 3dnowpref, sse, sse2, sse3, ssse3, sse4.1, sse4.2, popcnt, lzcnt, tsc, tscinvbit, avx, avx2, aes, erms, clmul, bmi1, bmi2, adx, avx512f, avx512dq, avx512cd, avx512bw, avx512vl, sha, fma, vzeroupper, avx512_vpopcntdq, avx512_vpclmulqdq, avx512_vaes, avx512_vnni, clflush, clflushopt, avx512_vbmi2, avx512_vbmi

Memory: 4k page, system-wide physical 3873M (213M free)
TotalPageFile size 5921M (AvailPageFile size 45M)
current process WorkingSet (physical memory assigned to process): 10M, peak: 10M
current process commit charge ("private bytes"): 51M, peak: 113M

vm_info: OpenJDK 64-Bit Server VM (17.0.2+8-86) for windows-amd64 JRE (17.0.2+8-86), built on Dec  7 2021 21:49:10 by "mach5one" with MS VC++ 16.8 / 16.9 (VS2019)

END.
